2023-08-06 02:05:53.342265 - Initialized conversion of CBT185
2023-08-06 02:05:53.864196 - Received IBMUSER.CBT506.FILE185 from FILE185.XMI 
2023-08-06 02:05:53.866369 - Found $$$#DATE.txt (text/plain) in IBMUSER.CBT506.FILE185, moved to FILE185/$$$#DATE
2023-08-06 02:05:53.867536 - Found $$CAUTON.txt (text/plain) in IBMUSER.CBT506.FILE185, moved to FILE185/$$CAUTON
2023-08-06 02:05:53.868467 - Found $$NOTE1.txt (text/plain) in IBMUSER.CBT506.FILE185, moved to FILE185/$$NOTE1
2023-08-06 02:05:53.869336 - Found $$NOTE2.txt (text/plain) in IBMUSER.CBT506.FILE185, moved to FILE185/$$NOTE2
2023-08-06 02:05:53.870241 - Found $EXPLAIN.txt (text/plain) in IBMUSER.CBT506.FILE185, moved to FILE185/$EXPLAIN
2023-08-06 02:05:53.871157 - Found $EXPLAI2.txt (text/plain) in IBMUSER.CBT506.FILE185, moved to FILE185/$EXPLAI2
2023-08-06 02:05:53.871994 - Found @ARTICLE.txt (text/plain) in IBMUSER.CBT506.FILE185, moved to FILE185/@ARTICLE
2023-08-06 02:05:53.872832 - Found @ARTICL2.txt (text/plain) in IBMUSER.CBT506.FILE185, moved to FILE185/@ARTICL2
2023-08-06 02:05:53.873721 - Found @FILE185.txt (text/plain) in IBMUSER.CBT506.FILE185, moved to FILE185/@FILE185
2023-08-06 02:05:53.874737 - Found ADIS.txt (text/plain) in IBMUSER.CBT506.FILE185, moved to FILE185/ADIS
2023-08-06 02:05:53.875720 - Found ADIS$.jcl (text/plain) in IBMUSER.CBT506.FILE185, moved to FILE185/ADIS$
2023-08-06 02:05:53.876571 - Found ASMKKTBL.jcl (text/plain) in IBMUSER.CBT506.FILE185, moved to FILE185/ASMKKTBL
2023-08-06 02:05:53.877434 - Found ASMTABLS.jcl (text/plain) in IBMUSER.CBT506.FILE185, moved to FILE185/ASMTABLS
2023-08-06 02:05:53.878460 - Found ASUB.txt (text/plain) in IBMUSER.CBT506.FILE185, moved to FILE185/ASUB
2023-08-06 02:05:53.879376 - Found ASUB$.jcl (text/plain) in IBMUSER.CBT506.FILE185, moved to FILE185/ASUB$
2023-08-06 02:05:53.880315 - Found ASUBHELP.txt (text/plain) in IBMUSER.CBT506.FILE185, moved to FILE185/ASUBHELP
2023-08-06 02:05:54.111759 - Found FILE234I.xmi (application/xmit) in IBMUSER.CBT506.FILE185
2023-08-06 02:05:54.141132   - Received to CBT185/FILE234.INSTALL
2023-08-06 02:05:54.287620 - Found LOADLIB.xmi (application/xmit) in IBMUSER.CBT506.FILE185
2023-08-06 02:05:54.395045   - Received RECFM=U data, stored XMIT file as CBT185/LOADLIB.xmi
2023-08-06 02:05:54.395949 - Found LWAEDIT1.txt (text/plain) in IBMUSER.CBT506.FILE185, moved to FILE185/LWAEDIT1
2023-08-06 02:05:54.396795 - Found LWATEDI@.txt (text/plain) in IBMUSER.CBT506.FILE185, moved to FILE185/LWATEDI@
2023-08-06 02:05:54.397644 - Found RDHSVCA8.jcl (text/plain) in IBMUSER.CBT506.FILE185, moved to FILE185/RDHSVCA8
2023-08-06 02:05:54.398596 - Found REASMLNK.txt (text/plain) in IBMUSER.CBT506.FILE185, moved to FILE185/REASMLNK
2023-08-06 02:05:54.399466 - Found REGEQU.txt (text/plain) in IBMUSER.CBT506.FILE185, moved to FILE185/REGEQU
2023-08-06 02:05:54.400281 - Found REGS.txt (text/plain) in IBMUSER.CBT506.FILE185, moved to FILE185/REGS
2023-08-06 02:05:54.401141 - Found SHOWTPV$.jcl (text/plain) in IBMUSER.CBT506.FILE185, moved to FILE185/SHOWTPV$
2023-08-06 02:05:54.402096 - Found SHOWTPVT.txt (text/plain) in IBMUSER.CBT506.FILE185, moved to FILE185/SHOWTPVT
2023-08-06 02:05:54.403179 - Found TSUB.txt (text/plain) in IBMUSER.CBT506.FILE185, moved to FILE185/TSUB
2023-08-06 02:05:54.404127 - Found TSUB$.jcl (text/plain) in IBMUSER.CBT506.FILE185, moved to FILE185/TSUB$
2023-08-06 02:05:54.405227 - Found TSUB#01.txt (text/plain) in IBMUSER.CBT506.FILE185, moved to FILE185/TSUB#01
2023-08-06 02:05:54.406154 - Found TSUB#02.txt (text/plain) in IBMUSER.CBT506.FILE185, moved to FILE185/TSUB#02
2023-08-06 02:05:54.406983 - Found TSUB#03.txt (text/plain) in IBMUSER.CBT506.FILE185, moved to FILE185/TSUB#03
2023-08-06 02:05:54.407902 - Found TSUB#04.txt (text/plain) in IBMUSER.CBT506.FILE185, moved to FILE185/TSUB#04
2023-08-06 02:05:54.408882 - Found TSUB#05.txt (text/plain) in IBMUSER.CBT506.FILE185, moved to FILE185/TSUB#05
2023-08-06 02:05:54.409786 - Found TSUB#06.txt (text/plain) in IBMUSER.CBT506.FILE185, moved to FILE185/TSUB#06
2023-08-06 02:05:54.410655 - Found TSUB#07.txt (text/plain) in IBMUSER.CBT506.FILE185, moved to FILE185/TSUB#07
2023-08-06 02:05:54.411578 - Found TSUB#08.txt (text/plain) in IBMUSER.CBT506.FILE185, moved to FILE185/TSUB#08
2023-08-06 02:05:54.412523 - Found TSUB#09.txt (text/plain) in IBMUSER.CBT506.FILE185, moved to FILE185/TSUB#09
2023-08-06 02:05:54.413473 - Found TSUB#10.txt (text/plain) in IBMUSER.CBT506.FILE185, moved to FILE185/TSUB#10
2023-08-06 02:05:54.414306 - Found TSUB#11.txt (text/plain) in IBMUSER.CBT506.FILE185, moved to FILE185/TSUB#11
2023-08-06 02:05:54.415246 - Found TSUBHELP.txt (text/plain) in IBMUSER.CBT506.FILE185, moved to FILE185/TSUBHELP
2023-08-06 02:05:54.416164 - Found TSUBQUIK.txt (text/plain) in IBMUSER.CBT506.FILE185, moved to FILE185/TSUBQUIK
2023-08-06 02:05:54.417245 - Found TSUB36.txt (text/plain) in IBMUSER.CBT506.FILE185, moved to FILE185/TSUB36
